Flow report for led_cntrl
Mon Jun 03 17:48:22 2024
Quartus Prime Version 20.1.1 Build 720 11/11/2020 SJ Lite Edition


---------------------
; Table of Contents ;
---------------------
  1. Legal Notice
  2. Flow Summary
  3. Flow Settings
  4. Flow Non-Default Global Settings
  5. Flow Elapsed Time
  6. Flow OS Summary
  7. Flow Log
  8. Flow Messages
  9. Flow Suppressed Messages



----------------
; Legal Notice ;
----------------
Copyright (C) 2020  Intel Corporation. All rights reserved.
Your use of Intel Corporation's design tools, logic functions 
and other software and tools, and any partner logic 
functions, and any output files from any of the foregoing 
(including device programming or simulation files), and any 
associated documentation or information are expressly subject 
to the terms and conditions of the Intel Program License 
Subscription Agreement, the Intel Quartus Prime License Agreement,
the Intel FPGA IP License Agreement, or other applicable license
agreement, including, without limitation, that your use is for
the sole purpose of programming logic devices manufactured by
Intel and sold by Intel or its authorized distributors.  Please
refer to the applicable agreement for further details, at
https://fpgasoftware.intel.com/eula.



+----------------------------------------------------------------------------------+
; Flow Summary                                                                     ;
+------------------------------------+---------------------------------------------+
; Flow Status                        ; Successful - Mon Jun 03 17:48:22 2024       ;
; Quartus Prime Version              ; 20.1.1 Build 720 11/11/2020 SJ Lite Edition ;
; Revision Name                      ; led_cntrl                                   ;
; Top-level Entity Name              ; led_cntrl                                   ;
; Family                             ; MAX 10                                      ;
; Device                             ; 10M50DAF484C7G                              ;
; Timing Models                      ; Final                                       ;
; Total logic elements               ; 3 / 49,760 ( < 1 % )                        ;
;     Total combinational functions  ; 3 / 49,760 ( < 1 % )                        ;
;     Dedicated logic registers      ; 0 / 49,760 ( 0 % )                          ;
; Total registers                    ; 0                                           ;
; Total pins                         ; 5 / 360 ( 1 % )                             ;
; Total virtual pins                 ; 0                                           ;
; Total memory bits                  ; 0 / 1,677,312 ( 0 % )                       ;
; Embedded Multiplier 9-bit elements ; 0 / 288 ( 0 % )                             ;
; Total PLLs                         ; 0 / 4 ( 0 % )                               ;
; UFM blocks                         ; 0 / 1 ( 0 % )                               ;
; ADC blocks                         ; 0 / 2 ( 0 % )                               ;
+------------------------------------+---------------------------------------------+


+-----------------------------------------+
; Flow Settings                           ;
+-------------------+---------------------+
; Option            ; Setting             ;
+-------------------+---------------------+
; Start date & time ; 06/03/2024 17:46:34 ;
; Main task         ; Compilation         ;
; Revision Name     ; led_cntrl           ;
+-------------------+---------------------+


+------------------------------------------------------------------------------------------------------------------------------------------------+
; Flow Non-Default Global Settings                                                                                                               ;
+-------------------------------------+----------------------------------------+---------------+-------------+-----------------------------------+
; Assignment Name                     ; Value                                  ; Default Value ; Entity Name ; Section Id                        ;
+-------------------------------------+----------------------------------------+---------------+-------------+-----------------------------------+
; COMPILER_SIGNATURE_ID               ; 10995770589197.171742959414744         ; --            ; --          ; --                                ;
; EDA_GENERATE_FUNCTIONAL_NETLIST     ; Off                                    ; --            ; --          ; eda_board_design_timing           ;
; EDA_GENERATE_FUNCTIONAL_NETLIST     ; Off                                    ; --            ; --          ; eda_board_design_boundary_scan    ;
; EDA_GENERATE_FUNCTIONAL_NETLIST     ; Off                                    ; --            ; --          ; eda_board_design_signal_integrity ;
; EDA_GENERATE_FUNCTIONAL_NETLIST     ; Off                                    ; --            ; --          ; eda_board_design_symbol           ;
; EDA_OUTPUT_DATA_FORMAT              ; Vhdl                                   ; --            ; --          ; eda_simulation                    ;
; EDA_SIMULATION_TOOL                 ; ModelSim (VHDL)                        ; <None>        ; --          ; --                                ;
; EDA_TIME_SCALE                      ; 1 ps                                   ; --            ; --          ; eda_simulation                    ;
; MAX_CORE_JUNCTION_TEMP              ; 85                                     ; --            ; --          ; --                                ;
; MIN_CORE_JUNCTION_TEMP              ; 0                                      ; --            ; --          ; --                                ;
; PARTITION_COLOR                     ; -- (Not supported for targeted family) ; --            ; --          ; Top                               ;
; PARTITION_FITTER_PRESERVATION_LEVEL ; -- (Not supported for targeted family) ; --            ; --          ; Top                               ;
; PARTITION_NETLIST_TYPE              ; -- (Not supported for targeted family) ; --            ; --          ; Top                               ;
; PROJECT_OUTPUT_DIRECTORY            ; output_files                           ; --            ; --          ; --                                ;
+-------------------------------------+----------------------------------------+---------------+-------------+-----------------------------------+


+--------------------------------------------------------------------------------------------------------------------------+
; Flow Elapsed Time                                                                                                        ;
+----------------------+--------------+-------------------------+---------------------+------------------------------------+
; Module Name          ; Elapsed Time ; Average Processors Used ; Peak Virtual Memory ; Total CPU Time (on all processors) ;
+----------------------+--------------+-------------------------+---------------------+------------------------------------+
; Analysis & Synthesis ; 00:00:08     ; 1.0                     ; 4785 MB             ; 00:00:02                           ;
; Fitter               ; 00:00:04     ; 1.0                     ; 5637 MB             ; 00:00:01                           ;
; Assembler            ; 00:00:03     ; 1.0                     ; 4690 MB             ; 00:00:00                           ;
; Timing Analyzer      ; 00:00:02     ; 1.0                     ; 4824 MB             ; 00:00:00                           ;
; EDA Netlist Writer   ; 00:00:01     ; 1.0                     ; 4642 MB             ; 00:00:00                           ;
; EDA Netlist Writer   ; 00:00:00     ; 1.0                     ; 4636 MB             ; 00:00:00                           ;
; EDA Netlist Writer   ; 00:00:00     ; 1.0                     ; 4645 MB             ; 00:00:00                           ;
; EDA Netlist Writer   ; 00:00:01     ; 1.0                     ; 4636 MB             ; 00:00:00                           ;
; EDA Netlist Writer   ; 00:00:00     ; 1.0                     ; 4645 MB             ; 00:00:00                           ;
; EDA Netlist Writer   ; 00:00:00     ; 1.0                     ; 4636 MB             ; 00:00:00                           ;
; EDA Netlist Writer   ; 00:00:01     ; 1.0                     ; 4645 MB             ; 00:00:00                           ;
; EDA Netlist Writer   ; 00:00:01     ; 1.0                     ; 4636 MB             ; 00:00:00                           ;
; EDA Netlist Writer   ; 00:00:00     ; 1.0                     ; 4645 MB             ; 00:00:00                           ;
; Total                ; 00:00:21     ; --                      ; --                  ; 00:00:03                           ;
+----------------------+--------------+-------------------------+---------------------+------------------------------------+


+------------------------------------------------------------------------------------+
; Flow OS Summary                                                                    ;
+----------------------+------------------+------------+------------+----------------+
; Module Name          ; Machine Hostname ; OS Name    ; OS Version ; Processor type ;
+----------------------+------------------+------------+------------+----------------+
; Analysis & Synthesis ; Murcie_Laptop    ; Windows 10 ; 10.0       ; x86_64         ;
; Fitter               ; Murcie_Laptop    ; Windows 10 ; 10.0       ; x86_64         ;
; Assembler            ; Murcie_Laptop    ; Windows 10 ; 10.0       ; x86_64         ;
; Timing Analyzer      ; Murcie_Laptop    ; Windows 10 ; 10.0       ; x86_64         ;
; EDA Netlist Writer   ; Murcie_Laptop    ; Windows 10 ; 10.0       ; x86_64         ;
; EDA Netlist Writer   ; Murcie_Laptop    ; Windows 10 ; 10.0       ; x86_64         ;
; EDA Netlist Writer   ; Murcie_Laptop    ; Windows 10 ; 10.0       ; x86_64         ;
; EDA Netlist Writer   ; Murcie_Laptop    ; Windows 10 ; 10.0       ; x86_64         ;
; EDA Netlist Writer   ; Murcie_Laptop    ; Windows 10 ; 10.0       ; x86_64         ;
; EDA Netlist Writer   ; Murcie_Laptop    ; Windows 10 ; 10.0       ; x86_64         ;
; EDA Netlist Writer   ; Murcie_Laptop    ; Windows 10 ; 10.0       ; x86_64         ;
; EDA Netlist Writer   ; Murcie_Laptop    ; Windows 10 ; 10.0       ; x86_64         ;
; EDA Netlist Writer   ; Murcie_Laptop    ; Windows 10 ; 10.0       ; x86_64         ;
+----------------------+------------------+------------+------------+----------------+


------------
; Flow Log ;
------------
quartus_map --read_settings_files=on --write_settings_files=off led_cntrl -c led_cntrl
quartus_fit --read_settings_files=off --write_settings_files=off led_cntrl -c led_cntrl
quartus_asm --read_settings_files=off --write_settings_files=off led_cntrl -c led_cntrl
quartus_sta led_cntrl -c led_cntrl
quartus_eda --read_settings_files=off --write_settings_files=off led_cntrl -c led_cntrl
quartus_eda --gen_testbench --tool=modelsim_oem --format=vhdl --write_settings_files=off led_cntrl -c led_cntrl --vector_source=C:/Users/david/Desktop/DPS/led_cntrl/Waveform2.vwf --testbench_file=C:/Users/david/Desktop/DPS/led_cntrl/simulation/qsim/Waveform2.vwf.vht
quartus_eda --write_settings_files=off --simulation=on --functional=on --flatten_buses=off --tool=modelsim_oem --format=vhdl --output_directory=C:/Users/david/Desktop/DPS/led_cntrl/simulation/qsim/ led_cntrl -c led_cntrl
quartus_eda --gen_testbench --tool=modelsim_oem --format=vhdl --write_settings_files=off led_cntrl -c led_cntrl --vector_source=C:/Users/david/Desktop/DPS/led_cntrl/Waveform2.vwf --testbench_file=C:/Users/david/Desktop/DPS/led_cntrl/simulation/qsim/Waveform2.vwf.vht
quartus_eda --write_settings_files=off --simulation=on --functional=on --flatten_buses=off --tool=modelsim_oem --format=vhdl --output_directory=C:/Users/david/Desktop/DPS/led_cntrl/simulation/qsim/ led_cntrl -c led_cntrl
quartus_eda --gen_testbench --tool=modelsim_oem --format=vhdl --write_settings_files=off led_cntrl -c led_cntrl --vector_source=C:/Users/david/Desktop/DPS/led_cntrl/Waveform2.vwf --testbench_file=C:/Users/david/Desktop/DPS/led_cntrl/simulation/qsim/Waveform2.vwf.vht
quartus_eda --write_settings_files=off --simulation=on --functional=on --flatten_buses=off --tool=modelsim_oem --format=vhdl --output_directory=C:/Users/david/Desktop/DPS/led_cntrl/simulation/qsim/ led_cntrl -c led_cntrl
quartus_eda --gen_testbench --tool=modelsim_oem --format=vhdl --write_settings_files=off led_cntrl -c led_cntrl --vector_source=C:/Users/david/Desktop/DPS/led_cntrl/Waveform2.vwf --testbench_file=C:/Users/david/Desktop/DPS/led_cntrl/simulation/qsim/Waveform2.vwf.vht
quartus_eda --write_settings_files=off --simulation=on --functional=on --flatten_buses=off --tool=modelsim_oem --format=vhdl --output_directory=C:/Users/david/Desktop/DPS/led_cntrl/simulation/qsim/ led_cntrl -c led_cntrl



